<?xml version="1.0" encoding="UTF-8"?>
<!-- Generated by org.testng.reporters.JUnitReportReporter -->
<testsuite hostname="itinfo" name="site.ycsb.TestNumericByteIterator" tests="2" failures="0" timestamp="28 Mar 2022 09:42:40 GMT" time="0.001" errors="0">
  <testcase name="testLong" time="0.000" classname="site.ycsb.TestNumericByteIterator"/>
  <testcase name="testDouble" time="0.001" classname="site.ycsb.TestNumericByteIterator"/>
</testsuite>
