<?xml version="1.0" encoding="UTF-8"?>
<!-- Generated by org.testng.reporters.JUnitReportReporter -->
<testsuite hostname="mldb" failures="0" tests="4" name="site.ycsb.generator.TestUnixEpochTimestampGenerator" time="0.000" errors="0" timestamp="9 Nov 2021 05:44:44 GMT">
  <testcase classname="site.ycsb.generator.TestUnixEpochTimestampGenerator" name="variousIntervalsAndUnits" time="0.000"/>
  <testcase classname="site.ycsb.generator.TestUnixEpochTimestampGenerator" name="defaultCtor" time="0.000"/>
  <testcase classname="site.ycsb.generator.TestUnixEpochTimestampGenerator" name="ctorWithIntervalAndUnitsAndStart" time="0.000"/>
  <testcase classname="site.ycsb.generator.TestUnixEpochTimestampGenerator" name="ctorWithIntervalAndUnits" time="0.000"/>
</testsuite>
