<?xml version="1.0" encoding="UTF-8"?>
<!-- Generated by org.testng.reporters.JUnitReportReporter -->
<testsuite hostname="mldb" failures="0" tests="1" name="site.ycsb.TestByteIterator" time="0.010" errors="0" timestamp="9 Nov 2021 05:44:43 GMT">
  <testcase classname="site.ycsb.TestByteIterator" name="testRandomByteIterator" time="0.010"/>
</testsuite>
