<?xml version="1.0" encoding="UTF-8"?>
<!-- Generated by org.testng.reporters.JUnitReportReporter -->
<testsuite hostname="ubuntu" failures="0" tests="1" name="site.ycsb.measurements.exporter.TestMeasurementsExporter" time="0.121" errors="0" timestamp="16 Dec 2021 05:43:04 GMT">
  <testcase classname="site.ycsb.measurements.exporter.TestMeasurementsExporter" name="testJSONArrayMeasurementsExporter" time="0.121"/>
</testsuite>
