<?xml version="1.0" encoding="UTF-8"?>
<!-- Generated by org.testng.reporters.JUnitReportReporter -->
<testsuite hostname="itinfo" name="site.ycsb.generator.AcknowledgedCounterGeneratorTest" tests="1" failures="0" timestamp="28 Mar 2022 09:42:40 GMT" time="0.220" errors="0">
  <testcase name="testIncrementPastIntegerMaxValue" time="0.220" classname="site.ycsb.generator.AcknowledgedCounterGeneratorTest"/>
</testsuite>
