<?xml version="1.0" encoding="UTF-8"?>
<!-- Generated by org.testng.reporters.JUnitReportReporter -->
<testsuite hostname="itinfo" name="site.ycsb.TestUtils" tests="6" failures="0" timestamp="28 Mar 2022 09:42:40 GMT" time="0.082" errors="0">
  <testcase name="bytesToFromDouble" time="0.000" classname="site.ycsb.TestUtils"/>
  <testcase name="jvmUtils" time="0.082" classname="site.ycsb.TestUtils"/>
  <testcase name="bytesToDoubleTooShort" time="0.000" classname="site.ycsb.TestUtils"/>
  <testcase name="bytesToLongTooShort" time="0.000" classname="site.ycsb.TestUtils"/>
  <testcase name="bytesToLongNull" time="0.000" classname="site.ycsb.TestUtils"/>
  <testcase name="bytesToFromLong" time="0.000" classname="site.ycsb.TestUtils"/>
</testsuite>
