<?xml version="1.0" encoding="UTF-8"?>
<!-- Generated by org.testng.reporters.JUnitReportReporter -->
<testsuite hostname="itinfo" name="site.ycsb.generator.TestRandomDiscreteTimestampGenerator" tests="3" failures="0" timestamp="11 Feb 2022 04:16:05 GMT" time="0.013" errors="0">
  <testcase name="systemTime" time="0.001" classname="site.ycsb.generator.TestRandomDiscreteTimestampGenerator"/>
  <testcase name="tooLarge" time="0.012" classname="site.ycsb.generator.TestRandomDiscreteTimestampGenerator"/>
  <testcase name="withStartTime" time="0.000" classname="site.ycsb.generator.TestRandomDiscreteTimestampGenerator"/>
</testsuite>
