<?xml version="1.0" encoding="UTF-8"?>
<!-- Generated by org.testng.reporters.JUnitReportReporter -->
<testsuite hostname="ubuntu" failures="0" tests="1" name="site.ycsb.generator.TestZipfianGenerator" time="0.003" errors="0" timestamp="25 Jan 2022 06:11:31 GMT">
  <testcase classname="site.ycsb.generator.TestZipfianGenerator" name="testMinAndMaxParameter" time="0.003"/>
</testsuite>
