<?xml version="1.0" encoding="UTF-8"?>
<!-- Generated by org.testng.reporters.JUnitReportReporter -->
<testsuite hostname="itinfo" name="site.ycsb.generator.AcknowledgedCounterGeneratorTest" tests="1" failures="0" timestamp="3 Jan 2022 03:28:09 GMT" time="0.229" errors="0">
  <testcase name="testIncrementPastIntegerMaxValue" time="0.229" classname="site.ycsb.generator.AcknowledgedCounterGeneratorTest"/>
</testsuite>
