<?xml version="1.0" encoding="UTF-8"?>
<!-- Generated by org.testng.reporters.JUnitReportReporter -->
<testsuite hostname="mldb" failures="0" tests="1" name="site.ycsb.generator.AcknowledgedCounterGeneratorTest" time="0.582" errors="0" timestamp="9 Nov 2021 05:44:44 GMT">
  <testcase classname="site.ycsb.generator.AcknowledgedCounterGeneratorTest" name="testIncrementPastIntegerMaxValue" time="0.582"/>
</testsuite>
