<?xml version="1.0" encoding="UTF-8"?>
<!-- Generated by org.testng.reporters.JUnitReportReporter -->
<testsuite hostname="ubuntu" failures="0" tests="3" name="site.ycsb.generator.TestRandomDiscreteTimestampGenerator" time="0.029" errors="0" timestamp="25 Jan 2022 06:11:31 GMT">
  <testcase classname="site.ycsb.generator.TestRandomDiscreteTimestampGenerator" name="systemTime" time="0.001"/>
  <testcase classname="site.ycsb.generator.TestRandomDiscreteTimestampGenerator" name="tooLarge" time="0.028"/>
  <testcase classname="site.ycsb.generator.TestRandomDiscreteTimestampGenerator" name="withStartTime" time="0.000"/>
</testsuite>
