<?xml version="1.0" encoding="UTF-8"?>
<!-- Generated by org.testng.reporters.JUnitReportReporter -->
<testsuite hostname="itinfo" name="site.ycsb.generator.TestUnixEpochTimestampGenerator" tests="4" failures="0" timestamp="11 Feb 2022 04:16:05 GMT" time="0.001" errors="0">
  <testcase name="ctorWithIntervalAndUnits" time="0.000" classname="site.ycsb.generator.TestUnixEpochTimestampGenerator"/>
  <testcase name="ctorWithIntervalAndUnitsAndStart" time="0.000" classname="site.ycsb.generator.TestUnixEpochTimestampGenerator"/>
  <testcase name="variousIntervalsAndUnits" time="0.001" classname="site.ycsb.generator.TestUnixEpochTimestampGenerator"/>
  <testcase name="defaultCtor" time="0.000" classname="site.ycsb.generator.TestUnixEpochTimestampGenerator"/>
</testsuite>
