<?xml version="1.0" encoding="UTF-8"?>
<!-- Generated by org.testng.reporters.JUnitReportReporter -->
<testsuite hostname="itinfo" name="site.ycsb.measurements.exporter.TestMeasurementsExporter" tests="1" failures="0" timestamp="3 Jan 2022 03:28:09 GMT" time="0.097" errors="0">
  <testcase name="testJSONArrayMeasurementsExporter" time="0.097" classname="site.ycsb.measurements.exporter.TestMeasurementsExporter"/>
</testsuite>
