<?xml version="1.0" encoding="UTF-8"?>
<!-- Generated by org.testng.reporters.JUnitReportReporter -->
<testsuite hostname="itinfo" name="site.ycsb.measurements.exporter.TestMeasurementsExporter" tests="1" failures="0" timestamp="11 Feb 2022 04:16:05 GMT" time="0.102" errors="0">
  <testcase name="testJSONArrayMeasurementsExporter" time="0.102" classname="site.ycsb.measurements.exporter.TestMeasurementsExporter"/>
</testsuite>
