<?xml version="1.0" encoding="UTF-8"?>
<!-- Generated by org.testng.reporters.JUnitReportReporter -->
<testsuite hostname="itinfo" name="site.ycsb.generator.TestZipfianGenerator" tests="1" failures="0" timestamp="3 Jan 2022 03:28:09 GMT" time="0.003" errors="0">
  <testcase name="testMinAndMaxParameter" time="0.003" classname="site.ycsb.generator.TestZipfianGenerator"/>
</testsuite>
