<?xml version="1.0" encoding="UTF-8"?>
<!-- Generated by org.testng.reporters.JUnitReportReporter -->
<testsuite hostname="itinfo" name="site.ycsb.workloads.TestCoreWorkload" tests="2" failures="0" timestamp="28 Mar 2022 09:42:40 GMT" time="0.003" errors="0">
  <testcase name="createOperationChooser" time="0.003" classname="site.ycsb.workloads.TestCoreWorkload"/>
  <testcase name="createOperationChooserNullProperties" time="0.000" classname="site.ycsb.workloads.TestCoreWorkload"/>
</testsuite>
