<?xml version="1.0" encoding="UTF-8"?>
<!-- Generated by org.testng.reporters.JUnitReportReporter -->
<testsuite hostname="mldb" failures="0" tests="1" name="site.ycsb.TestStatus" time="0.002" errors="0" timestamp="9 Nov 2021 05:44:44 GMT">
  <testcase classname="site.ycsb.TestStatus" name="testAcceptableStatus" time="0.002"/>
</testsuite>
