<?xml version="1.0" encoding="UTF-8"?>
<!-- Generated by org.testng.reporters.JUnitReportReporter -->
<testsuite hostname="ubuntu" failures="0" tests="1" name="site.ycsb.TestByteIterator" time="0.005" errors="0" timestamp="25 Jan 2022 06:11:31 GMT">
  <testcase classname="site.ycsb.TestByteIterator" name="testRandomByteIterator" time="0.005"/>
</testsuite>
