<?xml version="1.0" encoding="UTF-8"?>
<!-- Generated by org.testng.reporters.JUnitReportReporter -->
<testsuite hostname="itinfo" name="site.ycsb.TestStatus" tests="1" failures="0" timestamp="3 Jan 2022 03:28:09 GMT" time="0.001" errors="0">
  <testcase name="testAcceptableStatus" time="0.001" classname="site.ycsb.TestStatus"/>
</testsuite>
